C51 COMPILER V9.57.0.0   DELAY                                                             01/07/2021 18:03:34 PAGE 1   


C51 COMPILER V9.57.0.0, COMPILATION OF MODULE DELAY
OBJECT MODULE PLACED IN .\Objects\delay.obj
COMPILER INVOKED BY: D:\Keil_v5\C51\BIN\C51.EXE delay.c LARGE OPTIMIZE(8,SPEED) BROWSE INCDIR(.\DMP) DEBUG OBJECTEXTEND 
                    -PRINT(.\Listings\delay.lst) TABS(2) OBJECT(.\Objects\delay.obj)

line level    source

   1          #include "delay.h"
   2          
   3          
   4          void delay_us(u16 us)//@24MHz
   5          {
   6   1        u16 i;
   7   1        for(i=0;i<us;i++)
   8   1        {
   9   2          _nop_();_nop_();_nop_();_nop_();_nop_();_nop_();_nop_();
  10   2          _nop_();_nop_();_nop_();_nop_();
  11   2        }
  12   1        
  13   1      }
  14          
  15          
  16          void delay_ms(u16 ms)
  17          {
  18   1        u16 m;
  19   1        for(m=0;m<ms;m++)
  20   1        {
  21   2          delay_us(1000);
  22   2        }
  23   1        
  24   1      }


MODULE INFORMATION:   STATIC OVERLAYABLE
   CODE SIZE        =     56    ----
   CONSTANT SIZE    =   ----    ----
   XDATA SIZE       =   ----    ----
   PDATA SIZE       =   ----    ----
   DATA SIZE        =   ----    ----
   IDATA SIZE       =   ----    ----
   BIT SIZE         =   ----    ----
END OF MODULE INFORMATION.


C51 COMPILATION COMPLETE.  0 WARNING(S),  0 ERROR(S)
