C51 COMPILER V9.57.0.0   PWM                                                               01/07/2021 18:03:34 PAGE 1   


C51 COMPILER V9.57.0.0, COMPILATION OF MODULE PWM
OBJECT MODULE PLACED IN .\Objects\PWM.obj
COMPILER INVOKED BY: D:\Keil_v5\C51\BIN\C51.EXE PWM.c LARGE OPTIMIZE(8,SPEED) BROWSE INCDIR(.\DMP) DEBUG OBJECTEXTEND PR
                    -INT(.\Listings\PWM.lst) TABS(2) OBJECT(.\Objects\PWM.obj)

line level    source

   1          #include "PWM.h"
   2          
   3           /*-------定时器PWM相关值-------*/
   4          int time;
   5          int occ;
   6          int time_occ;
   7          /*-------15位硬件PWM相关值---------*/
   8          int val0,val1;
   9          
  10          void Timer_PWM_init()
  11          {
  12   1        TMOD = 0x00;
  13   1        TL0 = 0xec;//计数初值=65536-24Mhz/12分频/(100000)hz=65516
  14   1        TH0 = 0xff;
  15   1        TR0 = 1;//启动定时器0
  16   1        ET0 = 1;//使能定时器中断
  17   1        EA = 1;
  18   1      }
  19          
  20          void TM0_Isr() interrupt 1
  21          {
  22   1        time+=1;
  23   1        if(time==1000)//0.01ms计数一次，计数1000次，频率为100hz
  24   1        {
  25   2          time=0;
  26   2          if(occ>0)  //将occ负值变为正值
  27   2          {
  28   3            time_occ=occ;
  29   3          }
  30   2          else
  31   2          {
  32   3            time_occ=-occ;
  33   3          }
  34   2        }
  35   1        if(time<=time_occ)//占空比=occ/1000%
  36   1        {
  37   2          PWM_Pin_1=1;
  38   2          PWM_Pin_2=1;
  39   2        }
  40   1        else
  41   1        {
  42   2          PWM_Pin_1=0;
  43   2          PWM_Pin_2=0;
  44   2        }
  45   1      }
  46          
  47          
  48          void PWM_init()
  49          {
  50   1        P_SW2 = 0x80;  
  51   1        PWMCKS = 0x0f;  //选择计数器时钟为外部时钟16分频
  52   1        PWMC = 0x4e20;  //设置15位pwm计数器计数值为20000
  53   1        
  54   1        PWM0T1= 0x0000; //计数器值等于T1时，翻转为低电平（T1=T2时忽略T2）
C51 COMPILER V9.57.0.0   PWM                                                               01/07/2021 18:03:34 PAGE 2   

  55   1        PWM0T2= 0x0000; //计数器值等于T2时，翻转为高电平（T1=T2时忽略T2）
  56   1        PWM0CR= 0x80;   //PWM初始电平为低，输出引脚为P20
  57   1        
  58   1        PWM7T1= 0x0000; //计数器值等于T1时，翻转为低电平（T1=T2时忽略T2）
  59   1        PWM7T2= 0x0000; //计数器值等于T2时，翻转为高电平（T1=T2时忽略T2）
  60   1        PWM7CR= 0x80;   //PWM初始电平为低，输出引脚为P27
  61   1        
  62   1        P_SW2 = 0x00;   
  63   1        PWMCR = 0xc0;   //使能PWM波形发生器，PWM计数器立即开始计数
  64   1        EA=1;
  65   1        
  66   1      }
  67          
  68          void PWM_Isr() interrupt 22
  69          {
  70   1        if (PWMCFG & 0x80) 
  71   1        { 
  72   2          PWMCFG &= ~0x80; //清中断标志位
  73   2          _push_(P_SW2);
  74   2          P_SW2 |= 0x80;
  75   2          
  76   2          if(val0>=0)  //val6取绝对值
  77   2          {
  78   3            PWM0T1 = val0;
  79   3          }
  80   2          else
  81   2          {
  82   3            PWM0T1 = -val0;
  83   3          }
  84   2          
  85   2          if(val1>=0)  //val7取绝对值
  86   2          {
  87   3            PWM7T1 = val1;
  88   3          }
  89   2          else
  90   2          {
  91   3            PWM7T1 = -val1;
  92   3          }
  93   2          
  94   2          _pop_(P_SW2);
  95   2        }
  96   1      }
  97          
  98          
  99          
 100          
 101          
 102          


MODULE INFORMATION:   STATIC OVERLAYABLE
   CODE SIZE        =    322    ----
   CONSTANT SIZE    =   ----    ----
   XDATA SIZE       =     10    ----
   PDATA SIZE       =   ----    ----
   DATA SIZE        =   ----    ----
   IDATA SIZE       =   ----    ----
   BIT SIZE         =   ----    ----
END OF MODULE INFORMATION.


C51 COMPILATION COMPLETE.  0 WARNING(S),  0 ERROR(S)
