C51 COMPILER V9.57.0.0   UART                                                              01/07/2021 18:03:34 PAGE 1   


C51 COMPILER V9.57.0.0, COMPILATION OF MODULE UART
OBJECT MODULE PLACED IN .\Objects\uart.obj
COMPILER INVOKED BY: D:\Keil_v5\C51\BIN\C51.EXE uart.c LARGE OPTIMIZE(8,SPEED) BROWSE INCDIR(.\DMP) DEBUG OBJECTEXTEND P
                    -RINT(.\Listings\uart.lst) TABS(2) OBJECT(.\Objects\uart.obj)

line level    source

   1          #include "uart.h"
   2          
   3          void Uart1_Init(void) //使用定时器2做波特率发生器
   4          {   
   5   1        GPIO_init(GPIO_P3,GPIO_Pin_0,GPIO_PullUp);//设置P3.0为准双向口
   6   1        GPIO_init(GPIO_P3,GPIO_Pin_1,GPIO_OUT_PP);//设置P3.1为推挽输出
   7   1        
   8   1        SCON = 0x50;
   9   1        T2L = 0xcc;   //115200
  10   1        T2H = 0xff;
  11   1        AUXR = 0x15;    //启动定时器2
  12   1        ES = 1;       //使能串口中断
  13   1        EA = 1;
  14   1      }
  15          
  16          void U1SendData(u8 ch)
  17          {
  18   1          
  19   1          SBUF = ch;                  //写数据到UART数据寄存器
  20   1          while(TI == 0);             //在停止位没有发送时，TI为0即一直等待
  21   1          TI = 0;   //清除TI位（该位必须软件清零）
  22   1          
  23   1      }
  24          
  25          void UartSendStr(u8 *p)
  26          {
  27   1        while (*p)
  28   1        {
  29   2          U1SendData(*p++);
  30   2        }
  31   1      }
  32          
  33          void UART1_Isr() interrupt 4
  34          {
  35   1        if (TI)
  36   1        {
  37   2          TI = 0;//清中断标志
  38   2        }
  39   1        if (RI)
  40   1        {
  41   2          RI = 0;//清中断标志
  42   2        }
  43   1      }
  44          
  45          
  46          char putchar(char c)
  47          {
  48   1        ES=0;
  49   1        U1SendData(c);
  50   1        ES=1;
  51   1        return c;
  52   1      }
  53            
  54          
C51 COMPILER V9.57.0.0   UART                                                              01/07/2021 18:03:34 PAGE 2   

  55          
  56          
  57          
  58          
  59          
  60          
  61          
  62          
  63          
  64          
  65          
  66          
  67          
  68          
  69          
  70          
  71          
  72          
  73          
  74          
  75          
  76          


MODULE INFORMATION:   STATIC OVERLAYABLE
   CODE SIZE        =    115    ----
   CONSTANT SIZE    =   ----    ----
   XDATA SIZE       =   ----       3
   PDATA SIZE       =   ----    ----
   DATA SIZE        =   ----    ----
   IDATA SIZE       =   ----    ----
   BIT SIZE         =   ----    ----
END OF MODULE INFORMATION.


C51 COMPILATION COMPLETE.  0 WARNING(S),  0 ERROR(S)
